<?xml version="1.0" encoding="UTF-8"?>
<testng-results ignored="0" total="5" passed="5" failed="0" skipped="0">
  <reporter-output>
  </reporter-output>
  <suite started-at="2022-05-30T22:52:24 CEST" name="ShopTestCases" finished-at="2022-05-30T22:54:26 CEST" duration-ms="121491">
    <groups>
    </groups>
    <test started-at="2022-05-30T22:52:24 CEST" name="ShopTestScenario1" finished-at="2022-05-30T22:54:26 CEST" duration-ms="121491">
      <class name="ValidationRegisterFormTest">
        <test-method is-config="true" signature="setUp()[pri:0, instance:ValidationRegisterFormTest@1b1473ab]" started-at="2022-05-30T22:52:25 CEST" name="setUp" finished-at="2022-05-30T22:52:28 CEST" duration-ms="3908" status="PASS">
          <reporter-output>
          </reporter-output>
        </test-method> <!-- setUp -->
        <test-method signature="RegisterTest()[pri:0, instance:ValidationRegisterFormTest@1b1473ab]" started-at="2022-05-30T22:52:28 CEST" name="RegisterTest" description="Test sprawdzający prawidłowy proces rejestracji" finished-at="2022-05-30T22:52:51 CEST" duration-ms="22502" status="PASS">
          <reporter-output>
          </reporter-output>
        </test-method> <!-- RegisterTest -->
        <test-method is-config="true" signature="tearDown()[pri:0, instance:ValidationRegisterFormTest@1b1473ab]" started-at="2022-05-30T22:52:51 CEST" name="tearDown" finished-at="2022-05-30T22:52:51 CEST" duration-ms="292" status="PASS">
          <reporter-output>
          </reporter-output>
        </test-method> <!-- tearDown -->
        <test-method is-config="true" signature="setUp()[pri:0, instance:ValidationRegisterFormTest@1b1473ab]" started-at="2022-05-30T22:52:51 CEST" name="setUp" finished-at="2022-05-30T22:52:54 CEST" duration-ms="2339" status="PASS">
          <reporter-output>
          </reporter-output>
        </test-method> <!-- setUp -->
        <test-method signature="loginTest()[pri:0, instance:ValidationRegisterFormTest@1b1473ab]" started-at="2022-05-30T22:52:54 CEST" name="loginTest" description="Test sprawdzajacy poprawne logowanie" finished-at="2022-05-30T22:53:06 CEST" duration-ms="12404" status="PASS">
          <reporter-output>
          </reporter-output>
        </test-method> <!-- loginTest -->
        <test-method is-config="true" signature="tearDown()[pri:0, instance:ValidationRegisterFormTest@1b1473ab]" started-at="2022-05-30T22:53:06 CEST" name="tearDown" finished-at="2022-05-30T22:53:06 CEST" duration-ms="318" status="PASS">
          <reporter-output>
          </reporter-output>
        </test-method> <!-- tearDown -->
        <test-method is-config="true" signature="setUp()[pri:0, instance:ValidationRegisterFormTest@1b1473ab]" started-at="2022-05-30T22:53:06 CEST" name="setUp" finished-at="2022-05-30T22:53:09 CEST" duration-ms="2379" status="PASS">
          <reporter-output>
          </reporter-output>
        </test-method> <!-- setUp -->
        <test-method signature="orderProcessTest()[pri:0, instance:ValidationRegisterFormTest@1b1473ab]" started-at="2022-05-30T22:53:09 CEST" name="orderProcessTest" description="Test przechodzący przez pełen proces sprzedaży" finished-at="2022-05-30T22:53:46 CEST" duration-ms="36875" status="PASS">
          <reporter-output>
          </reporter-output>
        </test-method> <!-- orderProcessTest -->
        <test-method is-config="true" signature="tearDown()[pri:0, instance:ValidationRegisterFormTest@1b1473ab]" started-at="2022-05-30T22:53:46 CEST" name="tearDown" finished-at="2022-05-30T22:53:46 CEST" duration-ms="228" status="PASS">
          <reporter-output>
          </reporter-output>
        </test-method> <!-- tearDown -->
        <test-method is-config="true" signature="setUp()[pri:0, instance:ValidationRegisterFormTest@1b1473ab]" started-at="2022-05-30T22:53:46 CEST" name="setUp" finished-at="2022-05-30T22:53:48 CEST" duration-ms="2420" status="PASS">
          <reporter-output>
          </reporter-output>
        </test-method> <!-- setUp -->
        <test-method signature="sendCorrectContactUsForm()[pri:0, instance:ValidationRegisterFormTest@1b1473ab]" started-at="2022-05-30T22:53:48 CEST" name="sendCorrectContactUsForm" description="Test wysylajacy prawidlowy formularz konstaktowy" finished-at="2022-05-30T22:54:04 CEST" duration-ms="15729" status="PASS">
          <reporter-output>
          </reporter-output>
        </test-method> <!-- sendCorrectContactUsForm -->
        <test-method is-config="true" signature="tearDown()[pri:0, instance:ValidationRegisterFormTest@1b1473ab]" started-at="2022-05-30T22:54:04 CEST" name="tearDown" finished-at="2022-05-30T22:54:04 CEST" duration-ms="237" status="PASS">
          <reporter-output>
          </reporter-output>
        </test-method> <!-- tearDown -->
        <test-method is-config="true" signature="setUp()[pri:0, instance:ValidationRegisterFormTest@1b1473ab]" started-at="2022-05-30T22:54:04 CEST" name="setUp" finished-at="2022-05-30T22:54:07 CEST" duration-ms="2468" status="PASS">
          <reporter-output>
          </reporter-output>
        </test-method> <!-- setUp -->
        <test-method signature="validationRegisterFormTest()[pri:0, instance:ValidationRegisterFormTest@1b1473ab]" started-at="2022-05-30T22:54:07 CEST" name="validationRegisterFormTest" description="Test sprawdzajacy walidacje formularza rejestracji" finished-at="2022-05-30T22:54:26 CEST" duration-ms="19050" status="PASS">
          <reporter-output>
          </reporter-output>
        </test-method> <!-- validationRegisterFormTest -->
        <test-method is-config="true" signature="tearDown()[pri:0, instance:ValidationRegisterFormTest@1b1473ab]" started-at="2022-05-30T22:54:26 CEST" name="tearDown" finished-at="2022-05-30T22:54:26 CEST" duration-ms="234" status="PASS">
          <reporter-output>
          </reporter-output>
        </test-method> <!-- tearDown -->
      </class> <!-- ValidationRegisterFormTest -->
    </test> <!-- ShopTestScenario1 -->
  </suite> <!-- ShopTestCases -->
</testng-results>
